[01:11:39] [main/INFO] (FabricLoader/GameProvider) Loading Minecraft 1.20.1 with Fabric Loader 0.15.11
[01:11:40] [main/INFO] (FabricLoader) Loading 61 mods:
	- architectury 9.2.14
	- depression 0.1.1
	- fabric-api 0.92.1+1.20.1
	- fabric-api-base 0.4.31+1802ada577
	- fabric-api-lookup-api-v1 1.6.36+1802ada577
	- fabric-biome-api-v1 13.0.13+1802ada577
	- fabric-block-api-v1 1.0.11+1802ada577
	- fabric-block-view-api-v2 1.0.1+1802ada577
	- fabric-blockrenderlayer-v1 1.1.41+1802ada577
	- fabric-client-tags-api-v1 1.1.2+1802ada577
	- fabric-command-api-v1 1.2.34+f71b366f77
	- fabric-command-api-v2 2.2.13+1802ada577
	- fabric-commands-v0 0.2.51+df3654b377
	- fabric-containers-v0 0.1.64+df3654b377
	- fabric-content-registries-v0 4.0.11+1802ada577
	- fabric-convention-tags-v1 1.5.5+1802ada577
	- fabric-crash-report-info-v1 0.2.19+1802ada577
	- fabric-data-attachment-api-v1 1.0.0+de0fd6d177
	- fabric-data-generation-api-v1 12.3.4+1802ada577
	- fabric-dimensions-v1 2.1.54+1802ada577
	- fabric-entity-events-v1 1.6.0+1c78457f77
	- fabric-events-interaction-v0 0.6.2+1802ada577
	- fabric-events-lifecycle-v0 0.2.63+df3654b377
	- fabric-game-rule-api-v1 1.0.40+1802ada577
	- fabric-gametest-api-v1 1.2.13+1802ada577
	- fabric-item-api-v1 2.1.28+1802ada577
	- fabric-item-group-api-v1 4.0.12+1802ada577
	- fabric-key-binding-api-v1 1.0.37+1802ada577
	- fabric-keybindings-v0 0.2.35+df3654b377
	- fabric-lifecycle-events-v1 2.2.22+1802ada577
	- fabric-loot-api-v2 1.2.1+1802ada577
	- fabric-loot-tables-v1 1.1.45+9e7660c677
	- fabric-message-api-v1 5.1.9+1802ada577
	- fabric-mining-level-api-v1 2.1.50+1802ada577
	- fabric-model-loading-api-v1 1.0.3+1802ada577
	- fabric-models-v0 0.4.2+9386d8a777
	- fabric-networking-api-v1 1.3.11+1802ada577
	- fabric-networking-v0 0.3.51+df3654b377
	- fabric-object-builder-api-v1 11.1.3+1802ada577
	- fabric-particles-v1 1.1.2+1802ada577
	- fabric-recipe-api-v1 1.0.21+1802ada577
	- fabric-registry-sync-v0 2.3.3+1802ada577
	- fabric-renderer-api-v1 3.2.1+1802ada577
	- fabric-renderer-indigo 1.5.1+1802ada577
	- fabric-renderer-registries-v1 3.2.46+df3654b377
	- fabric-rendering-data-attachment-v1 0.3.37+92a0d36777
	- fabric-rendering-fluids-v1 3.0.28+1802ada577
	- fabric-rendering-v0 1.1.49+df3654b377
	- fabric-rendering-v1 3.0.8+1802ada577
	- fabric-resource-conditions-api-v1 2.3.8+1802ada577
	- fabric-resource-loader-v0 0.11.10+1802ada577
	- fabric-screen-api-v1 2.0.8+1802ada577
	- fabric-screen-handler-api-v1 1.3.30+1802ada577
	- fabric-sound-api-v1 1.0.13+1802ada577
	- fabric-transfer-api-v1 3.3.5+8dd72ea377
	- fabric-transitive-access-wideners-v1 4.3.1+1802ada577
	- fabricloader 0.15.11
	- generated_5137304 1.0.0
	- java 17
	- minecraft 1.20.1
	- mixinextras 0.3.5
[01:11:40] [main/INFO] (FabricLoader/Mixin) SpongePowered MIXIN Subsystem Version=0.8.5 Source=file:/C:/Users/13475/.gradle/caches/modules-2/files-2.1/net.fabricmc/sponge-mixin/0.13.3+mixin.0.8.5/9527e6b0d2449408958fd1302594dc65ec5ade9c/sponge-mixin-0.13.3+mixin.0.8.5.jar Service=Knot/Fabric Env=CLIENT
[01:11:40] [main/INFO] (FabricLoader/Mixin) Loaded Fabric development mappings for mixin remapper!
[01:11:40] [main/INFO] (FabricLoader/Mixin) Compatibility level set to JAVA_16
[01:11:40] [main/INFO] (FabricLoader/Mixin) Compatibility level set to JAVA_17
[01:11:41] [main/INFO] (FabricLoader/MixinExtras|Service) Initializing MixinExtras via com.llamalad7.mixinextras.service.MixinExtrasServiceImpl(version=0.3.5).
[01:11:41] [main/WARN] (PerfmonDisabled) Invalid registry value type detected for PerfOS counters. Should be REG_DWORD. Ignoring: HKEY_LOCAL_MACHINE\SYSTEM\CurrentControlSet\Services\PerfOS\Performance\Disable Performance Counters.
[01:11:44] [Datafixer Bootstrap/INFO] (Minecraft) 188 Datafixer optimizations took 118 milliseconds
[01:11:46] [Render thread/INFO] (Minecraft) Environment: authHost='https://authserver.mojang.com', accountsHost='https://api.mojang.com', sessionHost='https://sessionserver.mojang.com', servicesHost='https://api.minecraftservices.com', name='PROD'
[01:11:46] [Render thread/ERROR] (Minecraft) Failed to verify authentication
com.mojang.authlib.exceptions.InvalidCredentialsException: Status: 401
	at com.mojang.authlib.exceptions.MinecraftClientHttpException.toAuthenticationException(MinecraftClientHttpException.java:56) ~[authlib-4.0.43.jar:?]
	at com.mojang.authlib.yggdrasil.YggdrasilUserApiService.fetchProperties(YggdrasilUserApiService.java:156) ~[authlib-4.0.43.jar:?]
	at com.mojang.authlib.yggdrasil.YggdrasilUserApiService.<init>(YggdrasilUserApiService.java:55) ~[authlib-4.0.43.jar:?]
	at com.mojang.authlib.yggdrasil.YggdrasilAuthenticationService.createUserApiService(YggdrasilAuthenticationService.java:124) ~[authlib-4.0.43.jar:?]
	at net.minecraft.client.Minecraft.createUserApiService(Minecraft.java:733) ~[minecraft-merged-9b38c06a74-1.20.1-loom.mappings.1_20_1.layered+hash.40545-v2.jar:?]
	at net.minecraft.client.Minecraft.<init>(Minecraft.java:442) ~[minecraft-merged-9b38c06a74-1.20.1-loom.mappings.1_20_1.layered+hash.40545-v2.jar:?]
	at net.minecraft.client.main.Main.main(Main.java:211) ~[minecraft-merged-9b38c06a74-1.20.1-loom.mappings.1_20_1.layered+hash.40545-v2.jar:?]
	at net.fabricmc.loader.impl.game.minecraft.MinecraftGameProvider.launch(MinecraftGameProvider.java:470) ~[fabric-loader-0.15.11.jar:?]
	at net.fabricmc.loader.impl.launch.knot.Knot.launch(Knot.java:74) ~[fabric-loader-0.15.11.jar:?]
	at net.fabricmc.loader.impl.launch.knot.KnotClient.main(KnotClient.java:23) ~[fabric-loader-0.15.11.jar:?]
	at net.fabricmc.devlaunchinjector.Main.main(Main.java:86) ~[dev-launch-injector-0.2.1+build.8.jar:?]
	at dev.architectury.transformer.TransformerRuntime.main(TransformerRuntime.java:220) ~[architectury-transformer-5.2.87-runtime.jar:?]
Caused by: com.mojang.authlib.exceptions.MinecraftClientHttpException: Status: 401
	at com.mojang.authlib.minecraft.client.MinecraftClient.readInputStream(MinecraftClient.java:85) ~[authlib-4.0.43.jar:?]
	at com.mojang.authlib.minecraft.client.MinecraftClient.get(MinecraftClient.java:48) ~[authlib-4.0.43.jar:?]
	at com.mojang.authlib.yggdrasil.YggdrasilUserApiService.fetchProperties(YggdrasilUserApiService.java:129) ~[authlib-4.0.43.jar:?]
	... 10 more
[01:11:46] [Render thread/INFO] (Minecraft) Setting user: Player255
[01:11:46] [Render thread/INFO] (NetworkManagerImpl) Registering C2S receiver with id depression:diary_update_packet
[01:11:46] [Render thread/INFO] (NetworkManagerImpl) Registering S2C receiver with id architectury:spawn_entity_packet
[01:11:46] [Render thread/INFO] (Indigo) [Indigo] Registering Indigo renderer!
[01:11:47] [Render thread/INFO] (NetworkManagerImpl) Registering S2C receiver with id depression:emotion_packet
[01:11:47] [Render thread/INFO] (NetworkManagerImpl) Registering S2C receiver with id depression:mental_health_packet
[01:11:47] [Render thread/INFO] (NetworkManagerImpl) Registering S2C receiver with id depression:nearby_block_heal_packet
[01:11:47] [Render thread/INFO] (NetworkManagerImpl) Registering S2C receiver with id depression:break_block_heal_packet
[01:11:47] [Render thread/INFO] (NetworkManagerImpl) Registering S2C receiver with id depression:kill_entity_heal_packet
[01:11:47] [Render thread/INFO] (NetworkManagerImpl) Registering S2C receiver with id depression:ptsd_form_packet
[01:11:47] [Render thread/INFO] (NetworkManagerImpl) Registering S2C receiver with id depression:ptsd_disperse_packet
[01:11:47] [Render thread/INFO] (NetworkManagerImpl) Registering S2C receiver with id depression:insomnia_packet
[01:11:47] [Render thread/INFO] (NetworkManagerImpl) Registering S2C receiver with id depression:mental_fatigue_packet
[01:11:47] [Render thread/INFO] (NetworkManagerImpl) Registering S2C receiver with id depression:close_eye_packet
[01:11:47] [Render thread/INFO] (NetworkManagerImpl) Registering S2C receiver with id depression:diary_update_packet
[01:11:47] [Render thread/INFO] (Minecraft) Backend library: LWJGL version 3.3.1 SNAPSHOT
[01:11:48] [Render thread/INFO] (Minecraft) Reloading ResourceManager: vanilla, fabric (fabric-rendering-fluids-v1, fabric-transitive-access-wideners-v1, fabric-resource-conditions-api-v1, fabric-api-base, fabric-crash-report-info-v1, fabric-particles-v1, fabric-entity-events-v1, fabric-object-builder-api-v1, fabric-rendering-v0, fabric-rendering-v1, fabricloader, fabric-rendering-data-attachment-v1, fabric-biome-api-v1, fabric-networking-v0, fabric-api, fabric-data-attachment-api-v1, fabric-recipe-api-v1, fabric-item-group-api-v1, fabric-sound-api-v1, fabric-dimensions-v1, fabric-convention-tags-v1, fabric-lifecycle-events-v1, fabric-keybindings-v0, fabric-models-v0, fabric-block-view-api-v2, fabric-events-interaction-v0, fabric-registry-sync-v0, fabric-gametest-api-v1, fabric-containers-v0, fabric-block-api-v1, fabric-command-api-v1, fabric-item-api-v1, fabric-api-lookup-api-v1, generated_5137304, fabric-commands-v0, fabric-command-api-v2, fabric-blockrenderlayer-v1, fabric-networking-api-v1, fabric-key-binding-api-v1, fabric-game-rule-api-v1, fabric-model-loading-api-v1, fabric-renderer-indigo, fabric-transfer-api-v1, fabric-loot-tables-v1, fabric-client-tags-api-v1, fabric-mining-level-api-v1, fabric-events-lifecycle-v0, depression, fabric-content-registries-v0, fabric-screen-api-v1, fabric-data-generation-api-v1, fabric-loot-api-v2, fabric-renderer-api-v1, fabric-screen-handler-api-v1, fabric-message-api-v1, fabric-resource-loader-v0, fabric-renderer-registries-v1)
[01:11:48] [Worker-Main-4/INFO] (Minecraft) Found unifont_all_no_pua-15.0.06.hex, loading
[01:11:48] [Realms Notification Availability checker #1/INFO] (Minecraft) Could not authorize you against Realms server: Invalid session id
[01:11:49] [Render thread/WARN] (Minecraft) Missing sound for event: minecraft:item.goat_horn.play
[01:11:49] [Render thread/WARN] (Minecraft) Missing sound for event: minecraft:entity.goat.screaming.horn_break
[01:11:49] [Render thread/INFO] (Minecraft) OpenAL initialized on device OpenAL Soft on 扬声器 (Realtek(R) Audio)
[01:11:49] [Render thread/INFO] (Minecraft) Sound engine started
[01:11:49] [Render thread/INFO] (Minecraft) Created: 1024x512x4 minecraft:textures/atlas/blocks.png-atlas
[01:11:49] [Render thread/INFO] (Minecraft) Created: 256x256x4 minecraft:textures/atlas/signs.png-atlas
[01:11:49] [Render thread/INFO] (Minecraft) Created: 512x512x4 minecraft:textures/atlas/banner_patterns.png-atlas
[01:11:49] [Render thread/INFO] (Minecraft) Created: 512x512x4 minecraft:textures/atlas/shield_patterns.png-atlas
[01:11:49] [Render thread/INFO] (Minecraft) Created: 1024x1024x4 minecraft:textures/atlas/armor_trims.png-atlas
[01:11:49] [Render thread/INFO] (Minecraft) Created: 256x256x4 minecraft:textures/atlas/chest.png-atlas
[01:11:49] [Render thread/INFO] (Minecraft) Created: 128x64x4 minecraft:textures/atlas/decorated_pot.png-atlas
[01:11:49] [Render thread/INFO] (Minecraft) Created: 512x256x4 minecraft:textures/atlas/shulker_boxes.png-atlas
[01:11:49] [Render thread/INFO] (Minecraft) Created: 512x256x4 minecraft:textures/atlas/beds.png-atlas
[01:11:49] [Render thread/WARN] (Minecraft) Shader rendertype_entity_translucent_emissive could not find sampler named Sampler2 in the specified shader program.
[01:11:49] [Render thread/INFO] (Minecraft) Created: 256x256x0 minecraft:textures/atlas/particles.png-atlas
[01:11:49] [Render thread/INFO] (Minecraft) Created: 256x256x0 minecraft:textures/atlas/paintings.png-atlas
[01:11:49] [Render thread/INFO] (Minecraft) Created: 256x128x0 minecraft:textures/atlas/mob_effects.png-atlas
[01:12:14] [Render thread/INFO] (Minecraft) Deleting level New World (1)
[01:12:14] [Render thread/INFO] (Minecraft) Attempt 1...
[01:12:15] [Render thread/INFO] (Minecraft) Deleting level New World
[01:12:15] [Render thread/INFO] (Minecraft) Attempt 1...
[01:12:19] [Render thread/INFO] (Minecraft) Deleting level 新的世界 (2)
[01:12:19] [Render thread/INFO] (Minecraft) Attempt 1...
[01:12:19] [Render thread/INFO] (Minecraft) Loaded 7 recipes
[01:12:19] [Render thread/INFO] (Minecraft) Loaded 1271 advancements
[01:12:30] [Render thread/INFO] (Minecraft) Loaded 7 recipes
[01:12:30] [Render thread/INFO] (Minecraft) Loaded 1271 advancements
[01:12:47] [Render thread/INFO] (BiomeModificationImpl) Applied 0 biome modifications to 0 of 64 new biomes in 942.0 μs
[01:12:47] [Server thread/INFO] (Minecraft) Starting integrated minecraft server version 1.20.1
[01:12:47] [Server thread/INFO] (Minecraft) Generating keypair
[01:12:48] [Server thread/INFO] (Minecraft) Preparing start region for dimension minecraft:overworld
[01:12:48] [Render thread/INFO] (Minecraft) Preparing spawn area: 0%
[01:12:48] [Render thread/INFO] (Minecraft) Preparing spawn area: 9%
[01:12:49] [Render thread/INFO] (Minecraft) Preparing spawn area: 70%
[01:12:49] [Render thread/INFO] (Minecraft) Time elapsed: 1163 ms
[01:12:49] [Server thread/INFO] (Minecraft) Changing view distance to 12, from 10
[01:12:49] [Server thread/INFO] (Minecraft) Changing simulation distance to 12, from 0
[01:12:50] [Server thread/INFO] (Minecraft) Player255[local:E:d5c55c4e] logged in with entity id 1 at (10.5, -60.0, 2.5)
[01:12:50] [Server thread/INFO] (Minecraft) Player255 joined the game
[01:12:50] [Render thread/INFO] (Minecraft) Loaded 2 advancements
[01:12:53] [Server thread/INFO] (Minecraft) Saving and pausing game...
[01:12:53] [Server thread/INFO] (Minecraft) Saving chunks for level 'ServerLevel[New World]'/minecraft:overworld
[01:12:53] [Server thread/INFO] (Minecraft) Saving chunks for level 'ServerLevel[New World]'/minecraft:the_nether
[01:12:53] [Server thread/INFO] (Minecraft) Saving chunks for level 'ServerLevel[New World]'/minecraft:the_end
[01:19:05] [Server thread/INFO] (Minecraft) Saving and pausing game...
[01:19:05] [Server thread/INFO] (Minecraft) Saving chunks for level 'ServerLevel[New World]'/minecraft:overworld
[01:19:05] [Server thread/INFO] (Minecraft) Saving chunks for level 'ServerLevel[New World]'/minecraft:the_nether
[01:19:05] [Server thread/INFO] (Minecraft) Saving chunks for level 'ServerLevel[New World]'/minecraft:the_end
[01:19:09] [Server thread/INFO] (Minecraft) Saving and pausing game...
[01:19:09] [Server thread/INFO] (Minecraft) Saving chunks for level 'ServerLevel[New World]'/minecraft:overworld
[01:19:09] [Server thread/INFO] (Minecraft) Saving chunks for level 'ServerLevel[New World]'/minecraft:the_nether
[01:19:09] [Server thread/INFO] (Minecraft) Saving chunks for level 'ServerLevel[New World]'/minecraft:the_end
[01:19:09] [Server thread/INFO] (Minecraft) Player255 lost connection: Disconnected
[01:19:09] [Server thread/INFO] (Minecraft) Player255 left the game
[01:19:09] [Server thread/INFO] (Minecraft) Stopping singleplayer server as player logged out
[01:19:09] [Server thread/INFO] (Minecraft) Stopping server
[01:19:09] [Server thread/INFO] (Minecraft) Saving players
[01:19:09] [Server thread/INFO] (Minecraft) Saving worlds
[01:19:10] [Server thread/INFO] (Minecraft) Saving chunks for level 'ServerLevel[New World]'/minecraft:overworld
[01:19:10] [Server thread/INFO] (Minecraft) Saving chunks for level 'ServerLevel[New World]'/minecraft:the_nether
[01:19:10] [Server thread/INFO] (Minecraft) Saving chunks for level 'ServerLevel[New World]'/minecraft:the_end
[01:19:11] [Server thread/INFO] (Minecraft) ThreadedAnvilChunkStorage (New World): All chunks are saved
[01:19:11] [Server thread/INFO] (Minecraft) ThreadedAnvilChunkStorage (DIM-1): All chunks are saved
[01:19:11] [Server thread/INFO] (Minecraft) ThreadedAnvilChunkStorage (DIM1): All chunks are saved
[01:19:11] [Server thread/INFO] (Minecraft) ThreadedAnvilChunkStorage: All dimensions are saved
[01:19:12] [Render thread/INFO] (Minecraft) Loaded 7 recipes
[01:19:12] [Render thread/INFO] (Minecraft) Loaded 1271 advancements
[01:19:19] [Render thread/INFO] (FabricRegistrySync) [fabric-registry-sync] Loaded registry data [file 1/4]
[01:19:19] [Render thread/INFO] (Minecraft) Loaded 7 recipes
[01:19:19] [Render thread/INFO] (Minecraft) Loaded 1271 advancements
[01:19:19] [Render thread/INFO] (BiomeModificationImpl) Applied 0 biome modifications to 0 of 64 new biomes in 151.1 μs
[01:19:19] [Server thread/INFO] (Minecraft) Starting integrated minecraft server version 1.20.1
[01:19:19] [Server thread/INFO] (Minecraft) Generating keypair
[01:19:19] [Server thread/INFO] (Minecraft) Preparing start region for dimension minecraft:overworld
[01:19:20] [Render thread/INFO] (Minecraft) Preparing spawn area: 0%
[01:19:20] [Render thread/INFO] (Minecraft) Preparing spawn area: 0%
[01:19:20] [Render thread/INFO] (Minecraft) Preparing spawn area: 55%
[01:19:20] [Render thread/INFO] (Minecraft) Time elapsed: 1117 ms
[01:19:20] [Server thread/INFO] (Minecraft) Changing view distance to 12, from 10
[01:19:20] [Server thread/INFO] (Minecraft) Changing simulation distance to 12, from 0
[01:19:28] [Server thread/INFO] (Minecraft) Player255[local:E:ccc3af25] logged in with entity id 148 at (10.5, -60.0, 2.5)
[01:19:28] [Server thread/INFO] (Minecraft) Player255 joined the game
[01:19:28] [Server thread/WARN] (Minecraft) Can't keep up! Is the server overloaded? Running 7481ms or 149 ticks behind
[01:19:28] [Render thread/INFO] (Minecraft) Loaded 2 advancements
[01:19:28] [Server thread/INFO] (Minecraft) Saving and pausing game...
[01:19:28] [Server thread/INFO] (Minecraft) Saving chunks for level 'ServerLevel[New World]'/minecraft:overworld
[01:19:29] [Server thread/INFO] (Minecraft) Saving chunks for level 'ServerLevel[New World]'/minecraft:the_nether
[01:19:29] [Server thread/INFO] (Minecraft) Saving chunks for level 'ServerLevel[New World]'/minecraft:the_end
[01:19:47] [Render thread/INFO] (Minecraft) Loaded 3 advancements
[01:20:10] [Server thread/INFO] (Minecraft) Saving and pausing game...
[01:20:10] [Server thread/INFO] (Minecraft) Saving chunks for level 'ServerLevel[New World]'/minecraft:overworld
[01:20:10] [Server thread/INFO] (Minecraft) Saving chunks for level 'ServerLevel[New World]'/minecraft:the_nether
[01:20:10] [Server thread/INFO] (Minecraft) Saving chunks for level 'ServerLevel[New World]'/minecraft:the_end
[01:20:11] [Server thread/INFO] (Minecraft) Player255 lost connection: Disconnected
[01:20:11] [Server thread/INFO] (Minecraft) Player255 left the game
[01:20:11] [Server thread/INFO] (Minecraft) Stopping singleplayer server as player logged out
[01:20:11] [Server thread/INFO] (Minecraft) Stopping server
[01:20:11] [Server thread/INFO] (Minecraft) Saving players
[01:20:11] [Server thread/INFO] (Minecraft) Saving worlds
[01:20:11] [Server thread/INFO] (Minecraft) Saving chunks for level 'ServerLevel[New World]'/minecraft:overworld
[01:20:11] [Server thread/INFO] (Minecraft) Saving chunks for level 'ServerLevel[New World]'/minecraft:the_nether
[01:20:11] [Server thread/INFO] (Minecraft) Saving chunks for level 'ServerLevel[New World]'/minecraft:the_end
[01:20:11] [Server thread/INFO] (Minecraft) ThreadedAnvilChunkStorage (New World): All chunks are saved
[01:20:11] [Server thread/INFO] (Minecraft) ThreadedAnvilChunkStorage (DIM-1): All chunks are saved
[01:20:11] [Server thread/INFO] (Minecraft) ThreadedAnvilChunkStorage (DIM1): All chunks are saved
[01:20:11] [Server thread/INFO] (Minecraft) ThreadedAnvilChunkStorage: All dimensions are saved
[01:20:14] [Render thread/INFO] (FabricRegistrySync) [fabric-registry-sync] Loaded registry data [file 1/4]
[01:20:14] [Render thread/INFO] (Minecraft) Loaded 7 recipes
[01:20:14] [Render thread/INFO] (Minecraft) Loaded 1271 advancements
[01:20:15] [Render thread/INFO] (BiomeModificationImpl) Applied 0 biome modifications to 0 of 64 new biomes in 109.9 μs
[01:20:15] [Server thread/INFO] (Minecraft) Starting integrated minecraft server version 1.20.1
[01:20:15] [Server thread/INFO] (Minecraft) Generating keypair
[01:20:15] [Server thread/INFO] (Minecraft) Preparing start region for dimension minecraft:overworld
[01:20:15] [Render thread/INFO] (Minecraft) Preparing spawn area: 0%
[01:20:15] [Render thread/INFO] (Minecraft) Preparing spawn area: 0%
[01:20:16] [Render thread/INFO] (Minecraft) Time elapsed: 893 ms
[01:20:16] [Server thread/INFO] (Minecraft) Changing view distance to 12, from 10
[01:20:16] [Server thread/INFO] (Minecraft) Changing simulation distance to 12, from 0
[01:20:16] [Server thread/INFO] (Minecraft) Player255[local:E:7734b76d] logged in with entity id 191 at (10.45069645403488, -60.0, 3.5910084869199803)
[01:20:16] [Server thread/INFO] (Minecraft) Player255 joined the game
[01:20:16] [Render thread/INFO] (Minecraft) Loaded 3 advancements
[01:20:20] [Server thread/INFO] (Minecraft) [Player255: Set own game mode to Survival Mode]
[01:20:20] [Render thread/INFO] (Minecraft) [System] [CHAT] Set own game mode to Survival Mode
[01:20:34] [Server thread/INFO] (Minecraft) Saving and pausing game...
[01:20:34] [Server thread/INFO] (Minecraft) Saving chunks for level 'ServerLevel[New World]'/minecraft:overworld
[01:20:34] [Server thread/INFO] (Minecraft) Saving chunks for level 'ServerLevel[New World]'/minecraft:the_nether
[01:20:34] [Server thread/INFO] (Minecraft) Saving chunks for level 'ServerLevel[New World]'/minecraft:the_end
[01:20:36] [Server thread/INFO] (Minecraft) Player255 lost connection: Disconnected
[01:20:36] [Server thread/INFO] (Minecraft) Player255 left the game
[01:20:36] [Server thread/INFO] (Minecraft) Stopping singleplayer server as player logged out
[01:20:36] [Server thread/INFO] (Minecraft) Stopping server
[01:20:36] [Server thread/INFO] (Minecraft) Saving players
[01:20:36] [Server thread/INFO] (Minecraft) Saving worlds
[01:20:36] [Server thread/INFO] (Minecraft) Saving chunks for level 'ServerLevel[New World]'/minecraft:overworld
[01:20:36] [Server thread/INFO] (Minecraft) Saving chunks for level 'ServerLevel[New World]'/minecraft:the_nether
[01:20:36] [Server thread/INFO] (Minecraft) Saving chunks for level 'ServerLevel[New World]'/minecraft:the_end
[01:20:36] [Server thread/INFO] (Minecraft) ThreadedAnvilChunkStorage (New World): All chunks are saved
[01:20:36] [Server thread/INFO] (Minecraft) ThreadedAnvilChunkStorage (DIM-1): All chunks are saved
[01:20:36] [Server thread/INFO] (Minecraft) ThreadedAnvilChunkStorage (DIM1): All chunks are saved
[01:20:36] [Server thread/INFO] (Minecraft) ThreadedAnvilChunkStorage: All dimensions are saved
[01:20:39] [Render thread/INFO] (Minecraft) Loaded 7 recipes
[01:20:39] [Render thread/INFO] (Minecraft) Loaded 1271 advancements
[01:20:55] [Render thread/INFO] (BiomeModificationImpl) Applied 0 biome modifications to 0 of 64 new biomes in 133.7 μs
[01:20:55] [Server thread/INFO] (Minecraft) Starting integrated minecraft server version 1.20.1
[01:20:55] [Server thread/INFO] (Minecraft) Generating keypair
[01:20:55] [Server thread/INFO] (Minecraft) Preparing start region for dimension minecraft:overworld
[01:20:55] [Render thread/INFO] (Minecraft) Preparing spawn area: 0%
[01:20:55] [Render thread/INFO] (Minecraft) Preparing spawn area: 27%
[01:20:56] [Server thread/INFO] (Minecraft) Changing view distance to 12, from 10
[01:20:56] [Server thread/INFO] (Minecraft) Changing simulation distance to 12, from 0
[01:20:56] [Render thread/INFO] (Minecraft) Time elapsed: 844 ms
[01:20:56] [Server thread/INFO] (Minecraft) Player255[local:E:c048708c] logged in with entity id 225 at (-4.5, -60.0, 4.5)
[01:20:56] [Server thread/INFO] (Minecraft) Player255 joined the game
[01:20:56] [Render thread/INFO] (Minecraft) Loaded 2 advancements
[01:21:34] [Render thread/INFO] (Minecraft) Loaded 3 advancements
[01:22:14] [Server thread/INFO] (Minecraft) [Player255: Set own game mode to Survival Mode]
[01:22:14] [Render thread/INFO] (Minecraft) [System] [CHAT] Set own game mode to Survival Mode
[01:22:31] [Server thread/INFO] (Minecraft) Saving and pausing game...
[01:22:31] [Server thread/INFO] (Minecraft) Saving chunks for level 'ServerLevel[New World]'/minecraft:overworld
[01:22:31] [Server thread/INFO] (Minecraft) Saving chunks for level 'ServerLevel[New World]'/minecraft:the_nether
[01:22:31] [Server thread/INFO] (Minecraft) Saving chunks for level 'ServerLevel[New World]'/minecraft:the_end
[01:22:56] [Server thread/INFO] (Minecraft) Saving and pausing game...
[01:22:56] [Server thread/INFO] (Minecraft) Saving chunks for level 'ServerLevel[New World]'/minecraft:overworld
[01:22:56] [Server thread/INFO] (Minecraft) Saving chunks for level 'ServerLevel[New World]'/minecraft:the_nether
[01:22:56] [Server thread/INFO] (Minecraft) Saving chunks for level 'ServerLevel[New World]'/minecraft:the_end
[01:22:56] [Server thread/INFO] (Minecraft) Player255 lost connection: Disconnected
[01:22:56] [Server thread/INFO] (Minecraft) Player255 left the game
[01:22:56] [Server thread/INFO] (Minecraft) Stopping singleplayer server as player logged out
[01:22:56] [Server thread/INFO] (Minecraft) Stopping server
[01:22:56] [Server thread/INFO] (Minecraft) Saving players
[01:22:56] [Server thread/INFO] (Minecraft) Saving worlds
[01:22:56] [Server thread/INFO] (Minecraft) Saving chunks for level 'ServerLevel[New World]'/minecraft:overworld
[01:22:57] [Server thread/INFO] (Minecraft) Saving chunks for level 'ServerLevel[New World]'/minecraft:the_nether
[01:22:57] [Server thread/INFO] (Minecraft) Saving chunks for level 'ServerLevel[New World]'/minecraft:the_end
[01:22:57] [Server thread/INFO] (Minecraft) ThreadedAnvilChunkStorage (New World (1)): All chunks are saved
[01:22:57] [Server thread/INFO] (Minecraft) ThreadedAnvilChunkStorage (DIM-1): All chunks are saved
[01:22:57] [Server thread/INFO] (Minecraft) ThreadedAnvilChunkStorage (DIM1): All chunks are saved
[01:22:57] [Server thread/INFO] (Minecraft) ThreadedAnvilChunkStorage: All dimensions are saved
[01:23:00] [Render thread/INFO] (Minecraft) Loaded 7 recipes
[01:23:00] [Render thread/INFO] (Minecraft) Loaded 1271 advancements
[01:23:07] [Render thread/INFO] (BiomeModificationImpl) Applied 0 biome modifications to 0 of 64 new biomes in 115.1 μs
[01:23:07] [Server thread/INFO] (Minecraft) Starting integrated minecraft server version 1.20.1
[01:23:07] [Server thread/INFO] (Minecraft) Generating keypair
[01:23:07] [Server thread/INFO] (Minecraft) Preparing start region for dimension minecraft:overworld
[01:23:08] [Render thread/INFO] (Minecraft) Preparing spawn area: 0%
[01:23:08] [Render thread/INFO] (Minecraft) Preparing spawn area: 49%
[01:23:08] [Render thread/INFO] (Minecraft) Time elapsed: 770 ms
[01:23:08] [Server thread/INFO] (Minecraft) Changing view distance to 12, from 10
[01:23:08] [Server thread/INFO] (Minecraft) Changing simulation distance to 12, from 0
[01:23:08] [Server thread/INFO] (Minecraft) Player255[local:E:f203b51a] logged in with entity id 330 at (-9.5, -60.0, -5.5)
[01:23:08] [Server thread/INFO] (Minecraft) Player255 joined the game
[01:23:09] [Render thread/INFO] (Minecraft) Loaded 2 advancements
[01:23:14] [Render thread/INFO] (Minecraft) Loaded 3 advancements
[01:23:15] [Render thread/INFO] (Minecraft) Loaded 4 advancements
[01:23:16] [Render thread/INFO] (Minecraft) Loaded 5 advancements
[01:23:17] [Render thread/INFO] (Minecraft) Loaded 6 advancements
[01:23:37] [Server thread/INFO] (Minecraft) [Player255: Set own game mode to Survival Mode]
[01:23:37] [Render thread/INFO] (Minecraft) [System] [CHAT] Set own game mode to Survival Mode
[01:24:06] [Server thread/INFO] (Minecraft) Saving and pausing game...
[01:24:06] [Server thread/INFO] (Minecraft) Saving chunks for level 'ServerLevel[New World]'/minecraft:overworld
[01:24:06] [Server thread/INFO] (Minecraft) Saving chunks for level 'ServerLevel[New World]'/minecraft:the_nether
[01:24:06] [Server thread/INFO] (Minecraft) Saving chunks for level 'ServerLevel[New World]'/minecraft:the_end
[01:24:07] [Server thread/INFO] (Minecraft) Player255 lost connection: Disconnected
[01:24:07] [Server thread/INFO] (Minecraft) Player255 left the game
[01:24:07] [Server thread/INFO] (Minecraft) Stopping singleplayer server as player logged out
[01:24:07] [Server thread/INFO] (Minecraft) Stopping server
[01:24:07] [Server thread/INFO] (Minecraft) Saving players
[01:24:07] [Server thread/INFO] (Minecraft) Saving worlds
[01:24:07] [Server thread/INFO] (Minecraft) Saving chunks for level 'ServerLevel[New World]'/minecraft:overworld
[01:24:08] [Server thread/INFO] (Minecraft) Saving chunks for level 'ServerLevel[New World]'/minecraft:the_nether
[01:24:08] [Server thread/INFO] (Minecraft) Saving chunks for level 'ServerLevel[New World]'/minecraft:the_end
[01:24:08] [Server thread/INFO] (Minecraft) ThreadedAnvilChunkStorage (New World (2)): All chunks are saved
[01:24:08] [Server thread/INFO] (Minecraft) ThreadedAnvilChunkStorage (DIM-1): All chunks are saved
[01:24:08] [Server thread/INFO] (Minecraft) ThreadedAnvilChunkStorage (DIM1): All chunks are saved
[01:24:08] [Server thread/INFO] (Minecraft) ThreadedAnvilChunkStorage: All dimensions are saved
[01:24:10] [Render thread/INFO] (Minecraft) Loaded 7 recipes
[01:24:10] [Render thread/INFO] (Minecraft) Loaded 1271 advancements
[01:24:28] [Render thread/INFO] (BiomeModificationImpl) Applied 0 biome modifications to 0 of 64 new biomes in 106.0 μs
[01:24:28] [Server thread/INFO] (Minecraft) Starting integrated minecraft server version 1.20.1
[01:24:28] [Server thread/INFO] (Minecraft) Generating keypair
[01:24:28] [Server thread/INFO] (Minecraft) Preparing start region for dimension minecraft:overworld
[01:24:28] [Render thread/INFO] (Minecraft) Preparing spawn area: 0%
[01:24:29] [Render thread/INFO] (Minecraft) Preparing spawn area: 79%
[01:24:29] [Server thread/INFO] (Minecraft) Changing view distance to 12, from 10
[01:24:29] [Render thread/INFO] (Minecraft) Time elapsed: 668 ms
[01:24:29] [Server thread/INFO] (Minecraft) Changing simulation distance to 12, from 0
[01:24:29] [Server thread/INFO] (Minecraft) Player255[local:E:4311600d] logged in with entity id 390 at (0.5, -60.0, 4.5)
[01:24:29] [Server thread/INFO] (Minecraft) Player255 joined the game
[01:24:29] [Render thread/INFO] (Minecraft) Loaded 2 advancements
[01:24:53] [Render thread/INFO] (Minecraft) Loaded 3 advancements
[01:24:54] [Render thread/INFO] (Minecraft) Loaded 4 advancements
[01:24:55] [Render thread/INFO] (Minecraft) Loaded 5 advancements
[01:24:56] [Render thread/INFO] (Minecraft) Loaded 6 advancements
[01:25:32] [Server thread/INFO] (Minecraft) [Player255: Set own game mode to Survival Mode]
[01:25:32] [Render thread/INFO] (Minecraft) [System] [CHAT] Set own game mode to Survival Mode
[01:26:42] [Server thread/INFO] (Minecraft) Saving and pausing game...
[01:26:42] [Server thread/INFO] (Minecraft) Saving chunks for level 'ServerLevel[New World]'/minecraft:overworld
[01:26:42] [Server thread/INFO] (Minecraft) Saving chunks for level 'ServerLevel[New World]'/minecraft:the_nether
[01:26:42] [Server thread/INFO] (Minecraft) Saving chunks for level 'ServerLevel[New World]'/minecraft:the_end
